Run 1:  Tue Jul 21 13:02:36 2026.  .
        Em version 18.56 (64-bit LNX-86) on wheatley local.

  Project:  /home/ignacio/projects/superconducting_diplexer/simulations/sir_v3.son.

    Begin electromagnetic simulation using frequency sweep:
      ABS Start = 1, Stop = 16 GHZ

    Frequency:  1 GHZ

      De-embedded S-Parameters. 50 Ohm Port Terminations.
      Magnitude/Angle. Touchstone Format. (S11 S21 S12 S22).
      1.00000000 0.086446 -135.1 0.996252 -45.10 0.996252 -45.10 0.086446 -135.1
      ! P1 F=1.0 Eeff=(685.588 - j0.00672017) Z0=(3.96957 + j1.94788e-05)
      ! P2 F=1.0 Eeff=(685.588 - j0.00672017) Z0=(3.96957 + j1.94788e-05)

    Frequency:  16 GHZ
      16.0000000 0.999987 -129.0 0.002683 140.98 0.002683 140.98 0.999987 -129.0
      ! P1 F=16.0 Eeff=(607.086 - j0.00527029) Z0=(3.64273 + j2.19276e-05)
      ! P2 F=16.0 Eeff=(607.086 - j0.00527029) Z0=(3.64273 + j2.19276e-05)

    Frequency:  4.75 GHZ
      4.75000000 0.087250 -133.5 0.996165 136.52 0.996165 136.52 0.087250 -133.5
      ! P1 F=4.75 Eeff=(677.56 - j0.00655737) Z0=(3.94506 + j1.96206e-05)
      ! P2 F=4.75 Eeff=(677.56 - j0.00655737) Z0=(3.94506 + j1.96206e-05)

    Frequency:  1.55 GHZ
      1.55000000 0.098570 -159.9 0.995124 -69.88 0.995124 -69.88 0.098570 -159.9
      ! P1 F=1.55 Eeff=(685.057 - j0.00670929) Z0=(3.96799 + j1.94879e-05)
      ! P2 F=1.55 Eeff=(685.057 - j0.00670929) Z0=(3.96799 + j1.94879e-05)

    Frequency:  1.9 GHZ
      1.90000000 0.088455 -175.8 0.996073 -85.76 0.996073 -85.76 0.088455 -175.8
      ! P1 F=1.9 Eeff=(684.6 - j0.00669996) Z0=(3.96662 + j1.94958e-05)
      ! P2 F=1.9 Eeff=(684.6 - j0.00669996) Z0=(3.96662 + j1.94958e-05)

    Frequency:  12.6 GHZ
      12.6000000 0.999940 -110.4 0.009751 159.62 0.009751 159.62 0.999940 -110.4
      ! P1 F=12.6 Eeff=(633.214 - j0.0057168) Z0=(3.78047 + j2.06521e-05)
      ! P2 F=12.6 Eeff=(633.214 - j0.0057168) Z0=(3.78047 + j2.06521e-05)

    Frequency:  8.65 GHZ
      8.65000000 0.976937 -46.37 0.213375 -136.4 0.213375 -136.4 0.976937 -46.37
      ! P1 F=8.65 Eeff=(659.323 - j0.00619952) Z0=(3.88416 + j1.99819e-05)
      ! P2 F=8.65 Eeff=(659.323 - j0.00619952) Z0=(3.88416 + j1.99819e-05)

    Frequency:  7.5 GHZ
      7.50000000 0.541705 34.758 0.840491 -55.24 0.840491 -55.24 0.541705 34.754
      ! P1 F=7.5 Eeff=(665.616 - j0.0063211) Z0=(3.90607 + j1.98502e-05)
      ! P2 F=7.5 Eeff=(665.616 - j0.0063211) Z0=(3.90607 + j1.98502e-05)

    Frequency:  5.5 GHZ
      5.50000000 0.020178 5.3975 0.999770 95.406 0.999770 95.406 0.020178 5.4149
      ! P1 F=5.5 Eeff=(674.772 - j0.00650157) Z0=(3.93624 + j1.96721e-05)
      ! P2 F=5.5 Eeff=(674.772 - j0.00650157) Z0=(3.93624 + j1.96721e-05)

    Frequency:  2.85 GHZ
      2.85000000 0.002330 140.08 0.999986 -129.9 0.999986 -129.9 0.002330 139.95
      ! P1 F=2.85 Eeff=(682.902 - j0.00666534) Z0=(3.96151 + j1.95252e-05)
      ! P2 F=2.85 Eeff=(682.902 - j0.00666534) Z0=(3.96151 + j1.95252e-05)

Em simulation completed Tue Jul 21 13:02:59 2026.


Run 2:  Tue Jul 21 13:42:27 2026.  .
        Em version 18.56 (64-bit LNX-86) on wheatley local.

  Project:  /home/ignacio/projects/superconducting_diplexer/simulations/sir_v3.son.

    Post-Analysis:
      One or more errors detected.
      See Errors/Warnings for more details.

Analysis failed due to error Tue Jul 21 13:42:27 2026.
