Run 1:  Mon Jul 20 15:51:37 2026.  ucsb2.2.75484.
        Em version 18.56 (64-bit LNX-86) on wheatley local.

  Project:  /home/ignacio/projects/superconducting_diplexer/simulations/sir.son.

    Begin electromagnetic simulation using frequency sweep:
      ABS Start = 1, Stop = 16 GHZ

    Frequency:  1 GHZ

      De-embedded S-Parameters. 50 Ohm Port Terminations.
      Magnitude/Angle. Touchstone Format. (S11 S21 S12 S22).
      1.00000000 0.028371 45.703 0.999594 -44.30 0.999594 -44.30 0.028371 45.703
      ! P1 F=1.0 Eeff=(876.77 - j0.00721278) Z0=(112.209 + j0.000462341)
      ! P2 F=1.0 Eeff=(876.77 - j0.00721278) Z0=(112.209 + j0.000462341)

    Frequency:  16 GHZ
      16.0000000 0.999976 44.947 0.006322 134.95 0.006322 134.95 0.999976 44.947
      ! P1 F=16.0 Eeff=(763.917 - j0.00534155) Z0=(106.588 + j0.000546515)
      ! P2 F=16.0 Eeff=(763.917 - j0.00534155) Z0=(106.588 + j0.000546515)

    Frequency:  3.7 GHZ
      3.70000000 0.071767 102.86 0.997408 -167.1 0.997408 -167.1 0.071767 102.86
      ! P1 F=3.7 Eeff=(869.244 - j0.00707354) Z0=(111.724 + j0.000465638)
      ! P2 F=3.7 Eeff=(869.244 - j0.00707354) Z0=(111.724 + j0.000465638)

    Frequency:  1.55 GHZ
      1.55000000 0.026158 21.220 0.999652 -68.79 0.999652 -68.79 0.026158 21.220
      ! P1 F=1.55 Eeff=(875.925 - j0.00719702) Z0=(112.156 + j0.000462685)
      ! P2 F=1.55 Eeff=(875.925 - j0.00719702) Z0=(112.156 + j0.000462685)

    Frequency:  2.35 GHZ
      2.35000000 0.005173 165.14 0.999978 -104.8 0.999978 -104.8 0.005173 165.14
      ! P1 F=2.35 Eeff=(874.057 - j0.0071623) Z0=(112.039 + j0.000463469)
      ! P2 F=2.35 Eeff=(874.057 - j0.0071623) Z0=(112.039 + j0.000463469)

    Frequency:  14.75 GHZ
      14.7500000 0.999958 52.963 0.008665 142.96 0.008665 142.96 0.999958 52.963
      ! P1 F=14.75 Eeff=(778.445 - j0.00551359) Z0=(109.203 + j0.000588123)
      ! P2 F=14.75 Eeff=(778.445 - j0.00551359) Z0=(109.203 + j0.000588123)

    Frequency:  3.35 GHZ
      3.35000000 0.061034 119.24 0.998123 -150.8 0.998123 -150.8 0.061034 119.24
      ! P1 F=3.35 Eeff=(870.687 - j0.00710004) Z0=(111.82 + j0.000464964)
      ! P2 F=3.35 Eeff=(870.687 - j0.00710004) Z0=(111.82 + j0.000464964)

    Frequency:  6.55 GHZ
      6.55000000 0.119011 133.82 0.992861 43.823 0.992861 43.823 0.119011 133.82
      ! P1 F=6.55 Eeff=(852.834 - j0.00677773) Z0=(110.502 + j0.000475234)
      ! P2 F=6.55 Eeff=(852.834 - j0.00677773) Z0=(110.502 + j0.000475234)

    Frequency:  10.2 GHZ
      10.2000000 0.996563 104.48 0.082694 -165.5 0.082694 -165.5 0.996563 104.48
      ! P1 F=10.2 Eeff=(821.356 - j0.006219) Z0=(106.875 + j0.000532884)
      ! P2 F=10.2 Eeff=(821.356 - j0.006219) Z0=(106.875 + j0.000532884)

    Frequency:  5.25 GHZ
      5.25000000 0.025787 -153.6 0.999646 116.40 0.999646 116.40 0.025787 -153.6
      ! P1 F=5.25 Eeff=(861.304 - j0.0069292) Z0=(111.164 + j0.000469773)
      ! P2 F=5.25 Eeff=(861.304 - j0.0069292) Z0=(111.164 + j0.000469773)

    Frequency:  11.75 GHZ
      11.7500000 0.999546 80.290 0.029882 170.29 0.029882 170.29 0.999546 80.291
      ! P1 F=11.75 Eeff=(802.913 - j0.00570239) Z0=(100.965 + j0.000897297)
      ! P2 F=11.75 Eeff=(802.913 - j0.00570239) Z0=(100.965 + j0.000897297)

    Frequency:  8.4 GHZ
      8.40000000 0.882717 167.56 0.469816 -102.4 0.469816 -102.4 0.882717 167.56
      ! P1 F=8.4 Eeff=(838.246 - j0.0065212) Z0=(109.144 + j0.000489571)
      ! P2 F=8.4 Eeff=(838.246 - j0.0065212) Z0=(109.144 + j0.000489571)

Em simulation completed Mon Jul 20 15:52:05 2026.
